<?xml version="1.0" encoding="UTF-8"?>
<testsuite xmlns:xsi="http://www.w3.org/2001/XMLSchema-instance" xsi:noNamespaceSchemaLocation="https://maven.apache.org/surefire/maven-surefire-plugin/xsd/surefire-test-report.xsd" version="3.0.2" name="kz.gamematch.security.user.GamematchUserDetailsServiceTests" time="0.404" tests="3" errors="0" skipped="0" failures="0" flakes="0">
  <properties>
[...]
</properties>
  <testcase name="unknownUserThrowsUsernameNotFoundException" classname="kz.gamematch.security.user.GamematchUserDetailsServiceTests" time="0.044"/>
  <testcase name="loadsUserWithRoleAuthority" classname="kz.gamematch.security.user.GamematchUserDetailsServiceTests" time="0.028"/>
  <testcase name="blockedUserIsDisabled" classname="kz.gamematch.security.user.GamematchUserDetailsServiceTests" time="0.002"/>
</testsuite>